<?xml version="1.0" encoding="UTF-8"?>
<testng-results ignored="0" total="1" passed="1" failed="0" skipped="0">
  <reporter-output>
  </reporter-output>
  <suite started-at="2024-09-30T21:03:06 IST" name="Default suite" finished-at="2024-09-30T21:03:17 IST" duration-ms="10611">
    <groups>
    </groups>
    <test started-at="2024-09-30T21:03:06 IST" name="Default test" finished-at="2024-09-30T21:03:17 IST" duration-ms="10611">
      <class name="AmazonWebIn.extendReports.extendReportstest">
        <test-method is-config="true" signature="config()[pri:0, instance:AmazonWebIn.extendReports.extendReportstest@7526515b]" started-at="2024-09-30T21:03:06 IST" name="config" finished-at="2024-09-30T21:03:07 IST" duration-ms="830" status="PASS">
          <reporter-output>
          </reporter-output>
        </test-method> <!-- config -->
        <test-method signature="report1()[pri:0, instance:AmazonWebIn.extendReports.extendReportstest@7526515b]" started-at="2024-09-30T21:03:07 IST" name="report1" finished-at="2024-09-30T21:03:17 IST" duration-ms="9635" status="PASS">
          <reporter-output>
          </reporter-output>
        </test-method> <!-- report1 -->
      </class> <!-- AmazonWebIn.extendReports.extendReportstest -->
    </test> <!-- Default test -->
  </suite> <!-- Default suite -->
</testng-results>
